{
  message: 'Data base is connected',
  level: 'info',
  label: 'Ph',
  timestamp: '2023-06-08T11:57:01.679Z'
}
{
  message: 'Application app listening on port 5000',
  level: 'info',
  label: 'Ph',
  timestamp: '2023-06-08T11:57:01.708Z'
}
{
  message: 'Data base is connected',
  level: 'info',
  label: 'Ph',
  timestamp: '2023-06-08T11:59:19.644Z'
}
{
  message: 'Application app listening on port 5000',
  level: 'info',
  label: 'Ph',
  timestamp: '2023-06-08T11:59:19.673Z'
}
{
  message: 'Data base is connected',
  level: 'info',
  label: 'Ph',
  timestamp: '2023-06-08T11:59:48.459Z'
}
{
  message: 'Application app listening on port 5000',
  level: 'info',
  label: 'Ph',
  timestamp: '2023-06-08T11:59:48.469Z'
}
