{
  message: 'Data base is connected',
  level: 'info',
  label: 'Ph',
  timestamp: '2023-06-12T15:36:19.087Z'
}
{
  message: 'Application app listening on port 5000',
  level: 'info',
  label: 'Ph',
  timestamp: '2023-06-12T15:36:19.127Z'
}
{
  message: 'Data base is connected',
  level: 'info',
  label: 'Ph',
  timestamp: '2023-06-12T15:54:25.502Z'
}
{
  message: 'Application app listening on port 5000',
  level: 'info',
  label: 'Ph',
  timestamp: '2023-06-12T15:54:25.542Z'
}
{
  message: 'Data base is connected',
  level: 'info',
  label: 'Ph',
  timestamp: '2023-06-12T15:55:06.138Z'
}
{
  message: 'Application app listening on port 5000',
  level: 'info',
  label: 'Ph',
  timestamp: '2023-06-12T15:55:06.155Z'
}
{
  message: 'Data base is connected',
  level: 'info',
  label: 'Ph',
  timestamp: '2023-06-12T15:55:41.903Z'
}
{
  message: 'Application app listening on port 5000',
  level: 'info',
  label: 'Ph',
  timestamp: '2023-06-12T15:55:41.926Z'
}
{
  message: 'Data base is connected',
  level: 'info',
  label: 'Ph',
  timestamp: '2023-06-12T15:57:30.574Z'
}
{
  message: 'Application app listening on port 5000',
  level: 'info',
  label: 'Ph',
  timestamp: '2023-06-12T15:57:30.586Z'
}
{
  message: 'Data base is connected',
  level: 'info',
  label: 'Ph',
  timestamp: '2023-06-12T15:57:42.222Z'
}
{
  message: 'Application app listening on port 5000',
  level: 'info',
  label: 'Ph',
  timestamp: '2023-06-12T15:57:42.253Z'
}
{
  message: 'Data base is connected',
  level: 'info',
  label: 'Ph',
  timestamp: '2023-06-12T15:57:57.043Z'
}
{
  message: 'Application app listening on port 5000',
  level: 'info',
  label: 'Ph',
  timestamp: '2023-06-12T15:57:57.059Z'
}
