{
  message: 'Data base is connected',
  level: 'info',
  label: 'Ph',
  timestamp: '2023-06-13T18:28:50.075Z'
}
{
  message: 'Application app listening on port 5000',
  level: 'info',
  label: 'Ph',
  timestamp: '2023-06-13T18:28:50.096Z'
}
{
  message: 'Data base is connected',
  level: 'info',
  label: 'Ph',
  timestamp: '2023-06-13T18:30:45.362Z'
}
{
  message: 'Application app listening on port 5000',
  level: 'info',
  label: 'Ph',
  timestamp: '2023-06-13T18:30:45.393Z'
}
{
  message: 'Data base is connected',
  level: 'info',
  label: 'Ph',
  timestamp: '2023-06-13T18:32:25.864Z'
}
{
  message: 'Application app listening on port 5000',
  level: 'info',
  label: 'Ph',
  timestamp: '2023-06-13T18:32:25.903Z'
}
{
  message: 'Data base is connected',
  level: 'info',
  label: 'Ph',
  timestamp: '2023-06-13T18:32:58.984Z'
}
{
  message: 'Application app listening on port 5000',
  level: 'info',
  label: 'Ph',
  timestamp: '2023-06-13T18:32:59.003Z'
}
{
  message: 'Data base is connected',
  level: 'info',
  label: 'Ph',
  timestamp: '2023-06-13T18:33:09.771Z'
}
{
  message: 'Application app listening on port 5000',
  level: 'info',
  label: 'Ph',
  timestamp: '2023-06-13T18:33:09.789Z'
}
{
  message: 'Data base is connected',
  level: 'info',
  label: 'Ph',
  timestamp: '2023-06-13T18:34:45.763Z'
}
{
  message: 'Application app listening on port 5000',
  level: 'info',
  label: 'Ph',
  timestamp: '2023-06-13T18:34:45.787Z'
}
{
  message: 'Data base is connected',
  level: 'info',
  label: 'Ph',
  timestamp: '2023-06-13T18:36:40.869Z'
}
{
  message: 'Application app listening on port 5000',
  level: 'info',
  label: 'Ph',
  timestamp: '2023-06-13T18:36:40.892Z'
}
{
  message: 'Data base is connected',
  level: 'info',
  label: 'Ph',
  timestamp: '2023-06-13T18:39:43.678Z'
}
{
  message: 'Application app listening on port 5000',
  level: 'info',
  label: 'Ph',
  timestamp: '2023-06-13T18:39:43.704Z'
}
{
  message: 'Data base is connected',
  level: 'info',
  label: 'Ph',
  timestamp: '2023-06-13T18:40:57.252Z'
}
{
  message: 'Application app listening on port 5000',
  level: 'info',
  label: 'Ph',
  timestamp: '2023-06-13T18:40:57.269Z'
}
{
  message: 'Data base is connected',
  level: 'info',
  label: 'Ph',
  timestamp: '2023-06-13T18:42:44.870Z'
}
{
  message: 'Application app listening on port 5000',
  level: 'info',
  label: 'Ph',
  timestamp: '2023-06-13T18:42:44.903Z'
}
{
  message: 'Data base is connected',
  level: 'info',
  label: 'Ph',
  timestamp: '2023-06-13T18:45:02.413Z'
}
{
  message: 'Application app listening on port 5000',
  level: 'info',
  label: 'Ph',
  timestamp: '2023-06-13T18:45:02.445Z'
}
{
  message: 'Data base is connected',
  level: 'info',
  label: 'Ph',
  timestamp: '2023-06-13T18:47:18.190Z'
}
{
  message: 'Application app listening on port 5000',
  level: 'info',
  label: 'Ph',
  timestamp: '2023-06-13T18:47:18.213Z'
}
{
  message: 'Data base is connected',
  level: 'info',
  label: 'Ph',
  timestamp: '2023-06-13T18:47:58.729Z'
}
{
  message: 'Application app listening on port 5000',
  level: 'info',
  label: 'Ph',
  timestamp: '2023-06-13T18:47:58.752Z'
}
{
  message: 'Data base is connected',
  level: 'info',
  label: 'Ph',
  timestamp: '2023-06-13T18:50:00.076Z'
}
{
  message: 'Application app listening on port 5000',
  level: 'info',
  label: 'Ph',
  timestamp: '2023-06-13T18:50:00.099Z'
}
