{
  message: 'Data base is connected',
  level: 'info',
  label: 'Ph',
  timestamp: '2023-06-07T09:44:16.853Z'
}
{
  message: 'Application app listening on port 5000',
  level: 'info',
  label: 'Ph',
  timestamp: '2023-06-07T09:44:16.881Z'
}
{
  message: 'Data base is connected',
  level: 'info',
  label: 'Ph',
  timestamp: '2023-06-07T09:48:39.005Z'
}
{
  message: 'Application app listening on port 5000',
  level: 'info',
  label: 'Ph',
  timestamp: '2023-06-07T09:48:39.041Z'
}
{
  message: 'Data base is connected',
  level: 'info',
  label: 'Ph',
  timestamp: '2023-06-07T09:49:45.816Z'
}
{
  message: 'Application app listening on port 5000',
  level: 'info',
  label: 'Ph',
  timestamp: '2023-06-07T09:49:45.836Z'
}
{
  message: 'Data base is connected',
  level: 'info',
  label: 'Ph',
  timestamp: '2023-06-07T09:51:37.655Z'
}
{
  message: 'Application app listening on port 5000',
  level: 'info',
  label: 'Ph',
  timestamp: '2023-06-07T09:51:37.674Z'
}
{
  message: 'Data base is connected',
  level: 'info',
  label: 'Ph',
  timestamp: '2023-06-07T09:52:31.996Z'
}
{
  message: 'Application app listening on port 5000',
  level: 'info',
  label: 'Ph',
  timestamp: '2023-06-07T09:52:32.017Z'
}
{
  message: 'Data base is connected',
  level: 'info',
  label: 'Ph',
  timestamp: '2023-06-07T09:53:36.388Z'
}
{
  message: 'Application app listening on port 5000',
  level: 'info',
  label: 'Ph',
  timestamp: '2023-06-07T09:53:36.416Z'
}
{
  message: 'Data base is connected',
  level: 'info',
  label: 'Ph',
  timestamp: '2023-06-07T09:54:49.236Z'
}
{
  message: 'Application app listening on port 5000',
  level: 'info',
  label: 'Ph',
  timestamp: '2023-06-07T09:54:49.259Z'
}
