{
  message: 'Data base is connected',
  level: 'info',
  label: 'Ph',
  timestamp: '2023-06-21T05:20:47.238Z'
}
{
  message: 'Application app listening on port 5000',
  level: 'info',
  label: 'Ph',
  timestamp: '2023-06-21T05:20:47.261Z'
}
{
  message: 'Data base is connected',
  level: 'info',
  label: 'Ph',
  timestamp: '2023-06-21T05:41:23.586Z'
}
{
  message: 'Application app listening on port 5000',
  level: 'info',
  label: 'Ph',
  timestamp: '2023-06-21T05:41:23.599Z'
}
{
  message: 'Data base is connected',
  level: 'info',
  label: 'Ph',
  timestamp: '2023-06-21T05:41:39.382Z'
}
{
  message: 'Application app listening on port 5000',
  level: 'info',
  label: 'Ph',
  timestamp: '2023-06-21T05:41:39.407Z'
}
