{
  stringValue: '"create-faculty"',
  messageFormat: undefined,
  kind: 'ObjectId',
  value: 'create-faculty',
  path: '_id',
  reason: BSONError: Argument passed in must be a string of 12 bytes or a string of 24 hex characters or an integer
      at new ObjectId (C:\projects\university-management-auth-service\node_modules\bson\src\objectid.ts:88:15)
      at castObjectId (C:\projects\university-management-auth-service\node_modules\mongoose\lib\cast\objectid.js:25:12)
      at ObjectId.cast (C:\projects\university-management-auth-service\node_modules\mongoose\lib\schema\objectid.js:246:12)
      at ObjectId.SchemaType.applySetters (C:\projects\university-management-auth-service\node_modules\mongoose\lib\schematype.js:1204:12)
      at ObjectId.SchemaType.castForQuery (C:\projects\university-management-auth-service\node_modules\mongoose\lib\schematype.js:1616:15)
      at cast (C:\projects\university-management-auth-service\node_modules\mongoose\lib\cast.js:348:32)
      at model.Query.Query.cast (C:\projects\university-management-auth-service\node_modules\mongoose\lib\query.js:4874:12)
      at model.Query.Query._castConditions (C:\projects\university-management-auth-service\node_modules\mongoose\lib\query.js:2210:10)
      at model.Query._findOne (C:\projects\university-management-auth-service\node_modules\mongoose\lib\query.js:2497:8)
      at model.Query.exec (C:\projects\university-management-auth-service\node_modules\mongoose\lib\query.js:4404:28),
  valueType: 'string',
  model: Model { AcademicFaculty },
  level: 'error',
  label: 'Ph',
  timestamp: '2023-06-15T05:03:10.988Z'
}
