{
  ok: 0,
  code: 2,
  codeName: 'BadValue',
  '$clusterTime': {
    clusterTime: new Timestamp({ t: 1686681701, i: 1 }),
    signature: {
      hash: Binary.createFromBase64("9EpHcYuY2h6HBsdjEQzpXUYImT0=", 0),
      keyId: new Long("7185405403453194242")
    }
  },
  operationTime: new Timestamp({ t: 1686681701, i: 1 }),
  level: 'error',
  label: 'Ph',
  timestamp: '2023-06-13T18:41:56.716Z',
  [Symbol(errorLabels)]: Set(0) {}
}
{
  ok: 0,
  code: 2,
  codeName: 'BadValue',
  '$clusterTime': {
    clusterTime: new Timestamp({ t: 1686681776, i: 10 }),
    signature: {
      hash: Binary.createFromBase64("DKfc28GgMnFlrveGseuGlYnDGrs=", 0),
      keyId: new Long("7185405403453194242")
    }
  },
  operationTime: new Timestamp({ t: 1686681776, i: 10 }),
  level: 'error',
  label: 'Ph',
  timestamp: '2023-06-13T18:43:12.135Z',
  [Symbol(errorLabels)]: Set(0) {}
}
{
  stringValue: '"i"',
  messageFormat: undefined,
  kind: 'number',
  value: 'i',
  path: 'year',
  reason: null,
  valueType: 'string',
  model: Model { AcademicSemester },
  level: 'error',
  label: 'Ph',
  timestamp: '2023-06-13T18:48:22.101Z'
}
