{
  stringValue: '"6488bb97c6159e3d2c09b68"',
  messageFormat: undefined,
  kind: 'ObjectId',
  value: '6488bb97c6159e3d2c09b68',
  path: '_id',
  reason: BSONError: Argument passed in must be a string of 12 bytes or a string of 24 hex characters or an integer
      at new ObjectId (C:\projects\university-management-auth-service\node_modules\bson\src\objectid.ts:88:15)
      at castObjectId (C:\projects\university-management-auth-service\node_modules\mongoose\lib\cast\objectid.js:25:12)
      at ObjectId.cast (C:\projects\university-management-auth-service\node_modules\mongoose\lib\schema\objectid.js:246:12)
      at ObjectId.SchemaType.applySetters (C:\projects\university-management-auth-service\node_modules\mongoose\lib\schematype.js:1204:12)
      at ObjectId.SchemaType.castForQuery (C:\projects\university-management-auth-service\node_modules\mongoose\lib\schematype.js:1616:15)
      at cast (C:\projects\university-management-auth-service\node_modules\mongoose\lib\cast.js:348:32)
      at model.Query.Query.cast (C:\projects\university-management-auth-service\node_modules\mongoose\lib\query.js:4874:12)
      at model.Query.Query._castConditions (C:\projects\university-management-auth-service\node_modules\mongoose\lib\query.js:2210:10)
      at model.Query._findOne (C:\projects\university-management-auth-service\node_modules\mongoose\lib\query.js:2497:8)
      at model.Query.exec (C:\projects\university-management-auth-service\node_modules\mongoose\lib\query.js:4404:28),
  valueType: 'string',
  model: Model { AcademicSemester },
  level: 'error',
  label: 'Ph',
  timestamp: '2023-06-14T10:09:19.220Z'
}
{
  stringValue: '"6488bb97c6159e3d2c09b6"',
  messageFormat: undefined,
  kind: 'ObjectId',
  value: '6488bb97c6159e3d2c09b6',
  path: '_id',
  reason: BSONError: Argument passed in must be a string of 12 bytes or a string of 24 hex characters or an integer
      at new ObjectId (C:\projects\university-management-auth-service\node_modules\bson\src\objectid.ts:88:15)
      at castObjectId (C:\projects\university-management-auth-service\node_modules\mongoose\lib\cast\objectid.js:25:12)
      at ObjectId.cast (C:\projects\university-management-auth-service\node_modules\mongoose\lib\schema\objectid.js:246:12)
      at ObjectId.SchemaType.applySetters (C:\projects\university-management-auth-service\node_modules\mongoose\lib\schematype.js:1204:12)
      at ObjectId.SchemaType.castForQuery (C:\projects\university-management-auth-service\node_modules\mongoose\lib\schematype.js:1616:15)
      at cast (C:\projects\university-management-auth-service\node_modules\mongoose\lib\cast.js:348:32)
      at model.Query.Query.cast (C:\projects\university-management-auth-service\node_modules\mongoose\lib\query.js:4874:12)
      at model.Query.Query._castConditions (C:\projects\university-management-auth-service\node_modules\mongoose\lib\query.js:2210:10)
      at model.Query._findOne (C:\projects\university-management-auth-service\node_modules\mongoose\lib\query.js:2497:8)
      at model.Query.exec (C:\projects\university-management-auth-service\node_modules\mongoose\lib\query.js:4404:28),
  valueType: 'string',
  model: Model { AcademicSemester },
  level: 'error',
  label: 'Ph',
  timestamp: '2023-06-14T10:21:34.317Z'
}
{
  stringValue: '"6488bb97c6159e3d2c09b6"',
  messageFormat: undefined,
  kind: 'ObjectId',
  value: '6488bb97c6159e3d2c09b6',
  path: '_id',
  reason: BSONError: Argument passed in must be a string of 12 bytes or a string of 24 hex characters or an integer
      at new ObjectId (C:\projects\university-management-auth-service\node_modules\bson\src\objectid.ts:88:15)
      at castObjectId (C:\projects\university-management-auth-service\node_modules\mongoose\lib\cast\objectid.js:25:12)
      at ObjectId.cast (C:\projects\university-management-auth-service\node_modules\mongoose\lib\schema\objectid.js:246:12)
      at ObjectId.SchemaType.applySetters (C:\projects\university-management-auth-service\node_modules\mongoose\lib\schematype.js:1204:12)
      at ObjectId.SchemaType.castForQuery (C:\projects\university-management-auth-service\node_modules\mongoose\lib\schematype.js:1616:15)
      at cast (C:\projects\university-management-auth-service\node_modules\mongoose\lib\cast.js:348:32)
      at model.Query.Query.cast (C:\projects\university-management-auth-service\node_modules\mongoose\lib\query.js:4874:12)
      at model.Query.Query._castConditions (C:\projects\university-management-auth-service\node_modules\mongoose\lib\query.js:2210:10)
      at model.Query._findOne (C:\projects\university-management-auth-service\node_modules\mongoose\lib\query.js:2497:8)
      at model.Query.exec (C:\projects\university-management-auth-service\node_modules\mongoose\lib\query.js:4404:28),
  valueType: 'string',
  model: Model { AcademicSemester },
  level: 'error',
  label: 'Ph',
  timestamp: '2023-06-14T10:23:39.989Z'
}
{
  stringValue: '"6488bb97c6159e3d2c09b68"',
  messageFormat: undefined,
  kind: 'ObjectId',
  value: '6488bb97c6159e3d2c09b68',
  path: '_id',
  reason: BSONError: Argument passed in must be a string of 12 bytes or a string of 24 hex characters or an integer
      at new ObjectId (C:\projects\university-management-auth-service\node_modules\bson\src\objectid.ts:88:15)
      at castObjectId (C:\projects\university-management-auth-service\node_modules\mongoose\lib\cast\objectid.js:25:12)
      at ObjectId.cast (C:\projects\university-management-auth-service\node_modules\mongoose\lib\schema\objectid.js:246:12)
      at ObjectId.SchemaType.applySetters (C:\projects\university-management-auth-service\node_modules\mongoose\lib\schematype.js:1204:12)
      at ObjectId.SchemaType.castForQuery (C:\projects\university-management-auth-service\node_modules\mongoose\lib\schematype.js:1616:15)
      at cast (C:\projects\university-management-auth-service\node_modules\mongoose\lib\cast.js:348:32)
      at model.Query.Query.cast (C:\projects\university-management-auth-service\node_modules\mongoose\lib\query.js:4874:12)
      at model.Query.Query._castConditions (C:\projects\university-management-auth-service\node_modules\mongoose\lib\query.js:2210:10)
      at model.Query._findOne (C:\projects\university-management-auth-service\node_modules\mongoose\lib\query.js:2497:8)
      at model.Query.exec (C:\projects\university-management-auth-service\node_modules\mongoose\lib\query.js:4404:28),
  valueType: 'string',
  model: Model { AcademicSemester },
  level: 'error',
  label: 'Ph',
  timestamp: '2023-06-14T10:26:42.429Z'
}
{
  stringValue: '"6488bb97c6159e3d2c09b68"',
  messageFormat: undefined,
  kind: 'ObjectId',
  value: '6488bb97c6159e3d2c09b68',
  path: '_id',
  reason: BSONError: Argument passed in must be a string of 12 bytes or a string of 24 hex characters or an integer
      at new ObjectId (C:\projects\university-management-auth-service\node_modules\bson\src\objectid.ts:88:15)
      at castObjectId (C:\projects\university-management-auth-service\node_modules\mongoose\lib\cast\objectid.js:25:12)
      at ObjectId.cast (C:\projects\university-management-auth-service\node_modules\mongoose\lib\schema\objectid.js:246:12)
      at ObjectId.SchemaType.applySetters (C:\projects\university-management-auth-service\node_modules\mongoose\lib\schematype.js:1204:12)
      at ObjectId.SchemaType.castForQuery (C:\projects\university-management-auth-service\node_modules\mongoose\lib\schematype.js:1616:15)
      at cast (C:\projects\university-management-auth-service\node_modules\mongoose\lib\cast.js:348:32)
      at model.Query.Query.cast (C:\projects\university-management-auth-service\node_modules\mongoose\lib\query.js:4874:12)
      at model.Query.Query._castConditions (C:\projects\university-management-auth-service\node_modules\mongoose\lib\query.js:2210:10)
      at model.Query._findOne (C:\projects\university-management-auth-service\node_modules\mongoose\lib\query.js:2497:8)
      at model.Query.exec (C:\projects\university-management-auth-service\node_modules\mongoose\lib\query.js:4404:28),
  valueType: 'string',
  model: Model { AcademicSemester },
  level: 'error',
  label: 'Ph',
  timestamp: '2023-06-14T10:29:32.396Z'
}
{
  stringValue: '"6488bb97c6159e3d2c09b68"',
  messageFormat: undefined,
  kind: 'ObjectId',
  value: '6488bb97c6159e3d2c09b68',
  path: '_id',
  reason: BSONError: Argument passed in must be a string of 12 bytes or a string of 24 hex characters or an integer
      at new ObjectId (C:\projects\university-management-auth-service\node_modules\bson\src\objectid.ts:88:15)
      at castObjectId (C:\projects\university-management-auth-service\node_modules\mongoose\lib\cast\objectid.js:25:12)
      at ObjectId.cast (C:\projects\university-management-auth-service\node_modules\mongoose\lib\schema\objectid.js:246:12)
      at ObjectId.SchemaType.applySetters (C:\projects\university-management-auth-service\node_modules\mongoose\lib\schematype.js:1204:12)
      at ObjectId.SchemaType.castForQuery (C:\projects\university-management-auth-service\node_modules\mongoose\lib\schematype.js:1616:15)
      at cast (C:\projects\university-management-auth-service\node_modules\mongoose\lib\cast.js:348:32)
      at model.Query.Query.cast (C:\projects\university-management-auth-service\node_modules\mongoose\lib\query.js:4874:12)
      at model.Query.Query._castConditions (C:\projects\university-management-auth-service\node_modules\mongoose\lib\query.js:2210:10)
      at model.Query._findOne (C:\projects\university-management-auth-service\node_modules\mongoose\lib\query.js:2497:8)
      at model.Query.exec (C:\projects\university-management-auth-service\node_modules\mongoose\lib\query.js:4404:28),
  valueType: 'string',
  model: Model { AcademicSemester },
  level: 'error',
  label: 'Ph',
  timestamp: '2023-06-14T10:30:34.311Z'
}
