{
  cause: Error: connect ETIMEDOUT 13.127.242.74:27017
      at TCPConnectWrap.afterConnect [as oncomplete] (node:net:1300:16) {
    errno: -4039,
    code: 'ETIMEDOUT',
    syscall: 'connect',
    address: '13.127.242.74',
    port: 27017
  },
  connectionGeneration: 1,
  level: 'error',
  message: 'Failed to connect database connect ETIMEDOUT 13.127.242.74:27017',
  stack: 'MongoNetworkError: connect ETIMEDOUT 13.127.242.74:27017\n' +
    '    at connectionFailureError (C:\\projects\\university-management-auth-service\\node_modules\\mongodb\\src\\cmap\\connect.ts:491:14)\n' +
    '    at TLSSocket.<anonymous> (C:\\projects\\university-management-auth-service\\node_modules\\mongodb\\src\\cmap\\connect.ts:392:16)\n' +
    '    at Object.onceWrapper (node:events:628:26)\n' +
    '    at TLSSocket.emit (node:events:513:28)\n' +
    '    at emitErrorNT (node:internal/streams/destroy:151:8)\n' +
    '    at emitErrorCloseNT (node:internal/streams/destroy:116:3)\n' +
    '    at processTicksAndRejections (node:internal/process/task_queues:82:21)',
  label: 'Ph',
  timestamp: '2023-06-07T11:00:26.284Z',
  [Symbol(errorLabels)]: Set(1) { 'ResetPool' }
}
{
  cause: Error: connect ETIMEDOUT 13.127.242.74:27017
      at TCPConnectWrap.afterConnect [as oncomplete] (node:net:1300:16) {
    errno: -4039,
    code: 'ETIMEDOUT',
    syscall: 'connect',
    address: '13.127.242.74',
    port: 27017
  },
  connectionGeneration: 0,
  level: 'error',
  message: 'Failed to connect database connect ETIMEDOUT 13.127.242.74:27017',
  stack: 'MongoNetworkError: connect ETIMEDOUT 13.127.242.74:27017\n' +
    '    at connectionFailureError (C:\\projects\\university-management-auth-service\\node_modules\\mongodb\\src\\cmap\\connect.ts:491:14)\n' +
    '    at TLSSocket.<anonymous> (C:\\projects\\university-management-auth-service\\node_modules\\mongodb\\src\\cmap\\connect.ts:392:16)\n' +
    '    at Object.onceWrapper (node:events:628:26)\n' +
    '    at TLSSocket.emit (node:events:513:28)\n' +
    '    at emitErrorNT (node:internal/streams/destroy:151:8)\n' +
    '    at emitErrorCloseNT (node:internal/streams/destroy:116:3)\n' +
    '    at processTicksAndRejections (node:internal/process/task_queues:82:21)',
  label: 'Ph',
  timestamp: '2023-06-07T11:00:49.565Z',
  [Symbol(errorLabels)]: Set(1) { 'ResetPool' }
}
